<!DOCTYPE html PUBLIC "-//W3C//DTD XHTML 1.1//EN" "http://www.w3.org/TR/xhtml11/DTD/xhtml11.dtd">
<html xmlns="http://www.w3.org/1999/xhtml"><head><title>TestNG Report</title><style type="text/css">table {margin-bottom:10px;border-collapse:collapse;empty-cells:show}th,td {border:1px solid #009;padding:.25em .5em}th {vertical-align:bottom}td {vertical-align:top}table a {font-weight:bold}.stripe td {background-color: #E6EBF9}.num {text-align:right}.passedodd td {background-color: #3F3}.passedeven td {background-color: #0A0}.skippedodd td {background-color: #DDD}.skippedeven td {background-color: #CCC}.failedodd td,.attn {background-color: #F33}.failedeven td,.stripe .attn {background-color: #D00}.stacktrace {white-space:pre;font-family:monospace}.totop {font-size:85%;text-align:center;border-bottom:2px solid #000}</style></head><body><table><tr><th>Test</th><th># Passed</th><th># Skipped</th><th># Failed</th><th>Time (ms)</th><th>Included Groups</th><th>Excluded Groups</th></tr><tr><th colspan="7">Suite</th></tr><tr><td><a href="#t0">Test</a></td><td class="num">21</td><td class="num">0</td><td class="num attn">4</td><td class="num">877,146</td><td></td><td></td></tr></table><table><thead><tr><th>Class</th><th>Method</th><th>Start</th><th>Time (ms)</th></tr></thead><tbody><tr><th colspan="4">Suite</th></tr></tbody><tbody id="t0"><tr><th colspan="4">Test &#8212; failed</th></tr><tr class="failedeven"><td rowspan="1">KpcuTestcases.MoveMoneyTests</td><td><a href="#m0">BetweenKeyPointAccounts</a></td><td rowspan="1">1654097039466</td><td rowspan="1">40423</td></tr><tr class="failedodd"><td rowspan="2">KpcuTestcases.MyAccountsTests</td><td><a href="#m1">ValidateAccountSummary</a></td><td rowspan="1">1654096410908</td><td rowspan="1">42482</td></tr><tr class="failedodd"><td><a href="#m2">verify_UserTab_SettingMenu</a></td><td rowspan="1">1654096713520</td><td rowspan="1">44954</td></tr><tr class="failedeven"><td rowspan="1">KpcuTestcases.ServicesTests</td><td><a href="#m3">verifyServices_Dropdowns</a></td><td rowspan="1">1654096967627</td><td rowspan="1">22762</td></tr><tr><th colspan="4">Test &#8212; passed</th></tr><tr class="passedeven"><td rowspan="1">KpcuTestcases.BillPayTests</td><td><a href="#m4">verifyBillPay_Dropdowns</a></td><td rowspan="1">1654096357626</td><td rowspan="1">46789</td></tr><tr class="passedodd"><td rowspan="1">KpcuTestcases.Dashboard_Tests</td><td><a href="#m5">verify_Dashboard_Page</a></td><td rowspan="1">1654096997531</td><td rowspan="1">36022</td></tr><tr class="passedeven"><td rowspan="1">KpcuTestcases.DepositTests</td><td><a href="#m6">verify_Deposits</a></td><td rowspan="1">1654096765556</td><td rowspan="1">13897</td></tr><tr class="passedodd"><td rowspan="5">KpcuTestcases.MoveMoneyTests</td><td><a href="#m7">BetweenNonKeyPointAccounts</a></td><td rowspan="1">1654097086340</td><td rowspan="1">24227</td></tr><tr class="passedodd"><td><a href="#m8">ManageTrasferAccounts</a></td><td rowspan="1">1654097116561</td><td rowspan="1">18546</td></tr><tr class="passedodd"><td><a href="#m9">PayAnyone</a></td><td rowspan="1">1654097140982</td><td rowspan="1">23615</td></tr><tr class="passedodd"><td><a href="#m10">TrasferActivity</a></td><td rowspan="1">1654097170726</td><td rowspan="1">24730</td></tr><tr class="passedodd"><td><a href="#m11">WireTransfers</a></td><td rowspan="1">1654097201140</td><td rowspan="1">25605</td></tr><tr class="passedeven"><td rowspan="8">KpcuTestcases.MyAccountsTests</td><td><a href="#m12">Validate_Download_To_Quicken</a></td><td rowspan="1">1654096459459</td><td rowspan="1">15257</td></tr><tr class="passedeven"><td><a href="#m13">Verify_Sign_In_Page</a></td><td rowspan="1">1654096480713</td><td rowspan="1">44388</td></tr><tr class="passedeven"><td><a href="#m14">verifyFicoScore</a></td><td rowspan="1">1654096530868</td><td rowspan="1">16742</td></tr><tr class="passedeven"><td><a href="#m15">verify_DownloadQuickBooks</a></td><td rowspan="1">1654096553763</td><td rowspan="1">18846</td></tr><tr class="passedeven"><td><a href="#m16">verify_Download_To_Quicken_Dropdowns</a></td><td rowspan="1">1654096578575</td><td rowspan="1">15488</td></tr><tr class="passedeven"><td><a href="#m17">verify_Estatements_Page</a></td><td rowspan="1">1654096599917</td><td rowspan="1">34568</td></tr><tr class="passedeven"><td><a href="#m18">verify_UserTab_MessagesMenu</a></td><td rowspan="1">1654096640790</td><td rowspan="1">20377</td></tr><tr class="passedeven"><td><a href="#m19">verify_UserTab_ProfileMenu</a></td><td rowspan="1">1654096666918</td><td rowspan="1">40648</td></tr><tr class="passedodd"><td rowspan="5">KpcuTestcases.ProductsTests</td><td><a href="#m20">check_ApplicationStatus</a></td><td rowspan="1">1654096785318</td><td rowspan="1">29482</td></tr><tr class="passedodd"><td><a href="#m21">validate_HomeLoans</a></td><td rowspan="1">1654096820833</td><td rowspan="1">37896</td></tr><tr class="passedodd"><td><a href="#m22">validate_IRA_HSAS</a></td><td rowspan="1">1654096864869</td><td rowspan="1">27579</td></tr><tr class="passedodd"><td><a href="#m23">validate_OpenAccountLoan</a></td><td rowspan="1">1654096898319</td><td rowspan="1">41258</td></tr><tr class="passedodd"><td><a href="#m24">validate_ViewOffers</a></td><td rowspan="1">1654096946098</td><td rowspan="1">15567</td></tr></tbody></table><h2>Test</h2><h3 id="m0">KpcuTestcases.MoveMoneyTests#BetweenKeyPointAccounts</h3><table class="result"><tr><th>Exception</th></tr><tr><td><div class="stacktrace">org.openqa.selenium.NoSuchElementException: no such element: Unable to locate element: {&quot;method&quot;:&quot;xpath&quot;,&quot;selector&quot;:&quot;//div[@class=&apos;alert icon alert-success&apos;]&quot;}
  (Session info: MicrosoftEdge=101.0.1210.53)
For documentation on this error, please visit: https://www.seleniumhq.org/exceptions/no_such_element.html
Build info: version: &apos;3.141.59&apos;, revision: &apos;e82be7d358&apos;, time: &apos;2018-11-14T08:17:03&apos;
System info: host: &apos;HQ-IT-L61&apos;, ip: &apos;192.168.1.80&apos;, os.name: &apos;Windows 10&apos;, os.arch: &apos;amd64&apos;, os.version: &apos;10.0&apos;, java.version: &apos;1.8.0_332&apos;
Driver info: org.openqa.selenium.edge.EdgeDriver
Capabilities {acceptInsecureCerts: false, browserName: msedge, browserVersion: 101.0.1210.53, javascriptEnabled: true, ms:edgeOptions: {debuggerAddress: localhost:50740}, msedge: {msedgedriverVersion: 100.0.1185.29 (1feddedadb21..., userDataDir: C:\Users\inazir\AppData\Loc...}, networkConnectionEnabled: false, pageLoadStrategy: normal, platform: WINDOWS, platformName: WINDOWS, proxy: Proxy(), setWindowRect: true, strictFileInteractability: false, timeouts: {implicit: 0, pageLoad: 300000, script: 30000}, unhandledPromptBehavior: dismiss and notify, webauthn:extension:credBlob: true, webauthn:extension:largeBlob: true, webauthn:virtualAuthenticators: true}
Session ID: 25e5d08532fc473ceeeab0f152ef4cf3
*** Element info: {Using=xpath, value=//div[@class=&apos;alert icon alert-success&apos;]}
	at org.openqa.selenium.remote.http.W3CHttpResponseCodec.createException(W3CHttpResponseCodec.java:187)
	at org.openqa.selenium.remote.http.W3CHttpResponseCodec.decode(W3CHttpResponseCodec.java:122)
	at org.openqa.selenium.remote.http.W3CHttpResponseCodec.decode(W3CHttpResponseCodec.java:49)
	at org.openqa.selenium.remote.HttpCommandExecutor.execute(HttpCommandExecutor.java:158)
	at org.openqa.selenium.remote.service.DriverCommandExecutor.execute(DriverCommandExecutor.java:83)
	at org.openqa.selenium.remote.RemoteWebDriver.execute(RemoteWebDriver.java:552)
	at org.openqa.selenium.remote.RemoteWebDriver.findElement(RemoteWebDriver.java:323)
	at org.openqa.selenium.remote.RemoteWebDriver.findElementByXPath(RemoteWebDriver.java:428)
	at org.openqa.selenium.By$ByXPath.findElement(By.java:353)
	at org.openqa.selenium.remote.RemoteWebDriver.findElement(RemoteWebDriver.java:315)
	at Utilities.SeleniumUtils.highlightElement(SeleniumUtils.java:111)
	at Utilities.SeleniumUtils.displayed(SeleniumUtils.java:90)
	at KpcuPage_Objects.MoveMoneyPage.verifySuccess(MoveMoneyPage.java:102)
	at KpcuTestcases.MoveMoneyTests.BetweenKeyPointAccounts(MoveMoneyTests.java:20)
... Removed 27 stack frames</div></td></tr></table><p class="totop"><a href="#summary">back to summary</a></p><h3 id="m1">KpcuTestcases.MyAccountsTests#ValidateAccountSummary</h3><table class="result"><tr><th>Exception</th></tr><tr><td><div class="stacktrace">java.lang.AssertionError: expected [true] but found [false]
	at KpcuPage_Objects.MyAccountsPage.validateStatements(MyAccountsPage.java:340)
	at KpcuPage_Objects.MyAccountsPage.gotoAccountPage(MyAccountsPage.java:308)
	at KpcuTestcases.MyAccountsTests.ValidateAccountSummary(MyAccountsTests.java:53)
... Removed 28 stack frames</div></td></tr></table><p class="totop"><a href="#summary">back to summary</a></p><h3 id="m2">KpcuTestcases.MyAccountsTests#verify_UserTab_SettingMenu</h3><table class="result"><tr><th>Exception</th></tr><tr><td><div class="stacktrace">org.openqa.selenium.NoSuchElementException: no such element: Unable to locate element: {&quot;method&quot;:&quot;xpath&quot;,&quot;selector&quot;:&quot;//h1[normalize-space(text())=&apos;Text Banking&apos;]&quot;}
  (Session info: MicrosoftEdge=101.0.1210.53)
For documentation on this error, please visit: https://www.seleniumhq.org/exceptions/no_such_element.html
Build info: version: &apos;3.141.59&apos;, revision: &apos;e82be7d358&apos;, time: &apos;2018-11-14T08:17:03&apos;
System info: host: &apos;HQ-IT-L61&apos;, ip: &apos;192.168.1.80&apos;, os.name: &apos;Windows 10&apos;, os.arch: &apos;amd64&apos;, os.version: &apos;10.0&apos;, java.version: &apos;1.8.0_332&apos;
Driver info: org.openqa.selenium.edge.EdgeDriver
Capabilities {acceptInsecureCerts: false, browserName: msedge, browserVersion: 101.0.1210.53, javascriptEnabled: true, ms:edgeOptions: {debuggerAddress: localhost:65468}, msedge: {msedgedriverVersion: 100.0.1185.29 (1feddedadb21..., userDataDir: C:\Users\inazir\AppData\Loc...}, networkConnectionEnabled: false, pageLoadStrategy: normal, platform: WINDOWS, platformName: WINDOWS, proxy: Proxy(), setWindowRect: true, strictFileInteractability: false, timeouts: {implicit: 0, pageLoad: 300000, script: 30000}, unhandledPromptBehavior: dismiss and notify, webauthn:extension:credBlob: true, webauthn:extension:largeBlob: true, webauthn:virtualAuthenticators: true}
Session ID: 96ac983d5a9ed056fc2fa7fc94283720
*** Element info: {Using=xpath, value=//h1[normalize-space(text())=&apos;Text Banking&apos;]}
	at org.openqa.selenium.remote.http.W3CHttpResponseCodec.createException(W3CHttpResponseCodec.java:187)
	at org.openqa.selenium.remote.http.W3CHttpResponseCodec.decode(W3CHttpResponseCodec.java:122)
	at org.openqa.selenium.remote.http.W3CHttpResponseCodec.decode(W3CHttpResponseCodec.java:49)
	at org.openqa.selenium.remote.HttpCommandExecutor.execute(HttpCommandExecutor.java:158)
	at org.openqa.selenium.remote.service.DriverCommandExecutor.execute(DriverCommandExecutor.java:83)
	at org.openqa.selenium.remote.RemoteWebDriver.execute(RemoteWebDriver.java:552)
	at org.openqa.selenium.remote.RemoteWebDriver.findElement(RemoteWebDriver.java:323)
	at org.openqa.selenium.remote.RemoteWebDriver.findElementByXPath(RemoteWebDriver.java:428)
	at org.openqa.selenium.By$ByXPath.findElement(By.java:353)
	at org.openqa.selenium.remote.RemoteWebDriver.findElement(RemoteWebDriver.java:315)
	at Utilities.SeleniumUtils.highlightElement(SeleniumUtils.java:111)
	at Utilities.SeleniumUtils.displayed(SeleniumUtils.java:90)
	at KpcuPage_Objects.MyAccountsPage.verifySettingMenu(MyAccountsPage.java:169)
	at KpcuTestcases.MyAccountsTests.verify_UserTab_SettingMenu(MyAccountsTests.java:31)
... Removed 28 stack frames</div></td></tr></table><p class="totop"><a href="#summary">back to summary</a></p><h3 id="m3">KpcuTestcases.ServicesTests#verifyServices_Dropdowns</h3><table class="result"><tr><th>Exception</th></tr><tr><td><div class="stacktrace">org.openqa.selenium.WebDriverException: unknown error: cannot determine loading status
from target frame detached
  (Session info: MicrosoftEdge=101.0.1210.53)
Build info: version: &apos;3.141.59&apos;, revision: &apos;e82be7d358&apos;, time: &apos;2018-11-14T08:17:03&apos;
System info: host: &apos;HQ-IT-L61&apos;, ip: &apos;192.168.1.80&apos;, os.name: &apos;Windows 10&apos;, os.arch: &apos;amd64&apos;, os.version: &apos;10.0&apos;, java.version: &apos;1.8.0_332&apos;
Driver info: org.openqa.selenium.edge.EdgeDriver
Capabilities {acceptInsecureCerts: false, browserName: msedge, browserVersion: 101.0.1210.53, javascriptEnabled: true, ms:edgeOptions: {debuggerAddress: localhost:50452}, msedge: {msedgedriverVersion: 100.0.1185.29 (1feddedadb21..., userDataDir: C:\Users\inazir\AppData\Loc...}, networkConnectionEnabled: false, pageLoadStrategy: normal, platform: WINDOWS, platformName: WINDOWS, proxy: Proxy(), setWindowRect: true, strictFileInteractability: false, timeouts: {implicit: 0, pageLoad: 300000, script: 30000}, unhandledPromptBehavior: dismiss and notify, webauthn:extension:credBlob: true, webauthn:extension:largeBlob: true, webauthn:virtualAuthenticators: true}
Session ID: 5b33ce723fc112773c160867cac579cc
	at org.openqa.selenium.remote.http.W3CHttpResponseCodec.createException(W3CHttpResponseCodec.java:187)
	at org.openqa.selenium.remote.http.W3CHttpResponseCodec.decode(W3CHttpResponseCodec.java:122)
	at org.openqa.selenium.remote.http.W3CHttpResponseCodec.decode(W3CHttpResponseCodec.java:49)
	at org.openqa.selenium.remote.HttpCommandExecutor.execute(HttpCommandExecutor.java:158)
	at org.openqa.selenium.remote.service.DriverCommandExecutor.execute(DriverCommandExecutor.java:83)
	at org.openqa.selenium.remote.RemoteWebDriver.execute(RemoteWebDriver.java:552)
	at org.openqa.selenium.remote.RemoteWebDriver.execute(RemoteWebDriver.java:609)
	at org.openqa.selenium.remote.RemoteWebDriver.getTitle(RemoteWebDriver.java:281)
	at Utilities.SeleniumUtils.switchWindowUsingWindowCount(SeleniumUtils.java:139)
	at KpcuPage_Objects.ServicesPage.veriy_DebitCardActivation(ServicesPage.java:56)
	at KpcuTestcases.ServicesTests.verifyServices_Dropdowns(ServicesTests.java:20)
... Removed 28 stack frames</div></td></tr></table><p class="totop"><a href="#summary">back to summary</a></p><h3 id="m4">KpcuTestcases.BillPayTests#verifyBillPay_Dropdowns</h3><table class="result"></table><p class="totop"><a href="#summary">back to summary</a></p><h3 id="m5">KpcuTestcases.Dashboard_Tests#verify_Dashboard_Page</h3><table class="result"></table><p class="totop"><a href="#summary">back to summary</a></p><h3 id="m6">KpcuTestcases.DepositTests#verify_Deposits</h3><table class="result"></table><p class="totop"><a href="#summary">back to summary</a></p><h3 id="m7">KpcuTestcases.MoveMoneyTests#BetweenNonKeyPointAccounts</h3><table class="result"></table><p class="totop"><a href="#summary">back to summary</a></p><h3 id="m8">KpcuTestcases.MoveMoneyTests#ManageTrasferAccounts</h3><table class="result"></table><p class="totop"><a href="#summary">back to summary</a></p><h3 id="m9">KpcuTestcases.MoveMoneyTests#PayAnyone</h3><table class="result"></table><p class="totop"><a href="#summary">back to summary</a></p><h3 id="m10">KpcuTestcases.MoveMoneyTests#TrasferActivity</h3><table class="result"></table><p class="totop"><a href="#summary">back to summary</a></p><h3 id="m11">KpcuTestcases.MoveMoneyTests#WireTransfers</h3><table class="result"></table><p class="totop"><a href="#summary">back to summary</a></p><h3 id="m12">KpcuTestcases.MyAccountsTests#Validate_Download_To_Quicken</h3><table class="result"></table><p class="totop"><a href="#summary">back to summary</a></p><h3 id="m13">KpcuTestcases.MyAccountsTests#Verify_Sign_In_Page</h3><table class="result"></table><p class="totop"><a href="#summary">back to summary</a></p><h3 id="m14">KpcuTestcases.MyAccountsTests#verifyFicoScore</h3><table class="result"></table><p class="totop"><a href="#summary">back to summary</a></p><h3 id="m15">KpcuTestcases.MyAccountsTests#verify_DownloadQuickBooks</h3><table class="result"></table><p class="totop"><a href="#summary">back to summary</a></p><h3 id="m16">KpcuTestcases.MyAccountsTests#verify_Download_To_Quicken_Dropdowns</h3><table class="result"></table><p class="totop"><a href="#summary">back to summary</a></p><h3 id="m17">KpcuTestcases.MyAccountsTests#verify_Estatements_Page</h3><table class="result"></table><p class="totop"><a href="#summary">back to summary</a></p><h3 id="m18">KpcuTestcases.MyAccountsTests#verify_UserTab_MessagesMenu</h3><table class="result"></table><p class="totop"><a href="#summary">back to summary</a></p><h3 id="m19">KpcuTestcases.MyAccountsTests#verify_UserTab_ProfileMenu</h3><table class="result"></table><p class="totop"><a href="#summary">back to summary</a></p><h3 id="m20">KpcuTestcases.ProductsTests#check_ApplicationStatus</h3><table class="result"></table><p class="totop"><a href="#summary">back to summary</a></p><h3 id="m21">KpcuTestcases.ProductsTests#validate_HomeLoans</h3><table class="result"></table><p class="totop"><a href="#summary">back to summary</a></p><h3 id="m22">KpcuTestcases.ProductsTests#validate_IRA_HSAS</h3><table class="result"></table><p class="totop"><a href="#summary">back to summary</a></p><h3 id="m23">KpcuTestcases.ProductsTests#validate_OpenAccountLoan</h3><table class="result"></table><p class="totop"><a href="#summary">back to summary</a></p><h3 id="m24">KpcuTestcases.ProductsTests#validate_ViewOffers</h3><table class="result"></table><p class="totop"><a href="#summary">back to summary</a></p></body></html>