<!DOCTYPE html>

<html>
  <head>
  <meta charset='utf-8'>
  <title>TestNG reports</title>

    <link type="text/css" href="testng-reports.css" rel="stylesheet" />  
    <script type="text/javascript" src="jquery-1.7.1.min.js"></script>
    <script type="text/javascript" src="testng-reports.js"></script>
    <script type="text/javascript" src="https://www.google.com/jsapi"></script>
    <script type='text/javascript'>
      google.load('visualization', '1', {packages:['table']});
      google.setOnLoadCallback(drawTable);
      var suiteTableInitFunctions = new Array();
      var suiteTableData = new Array();
    </script>
    <!--
      <script type="text/javascript" src="jquery-ui/js/jquery-ui-1.8.16.custom.min.js"></script>
     -->
  </head>

  <body>
    <div class="top-banner-root">
      <span class="top-banner-title-font">Test results</span>
      <br/>
      <span class="top-banner-font-1">1 suite, 4 failed tests</span>
    </div> <!-- top-banner-root -->
    <div class="navigator-root">
      <div class="navigator-suite-header">
        <span>All suites</span>
        <a href="#" class="collapse-all-link" title="Collapse/expand all the suites">
          <img class="collapse-all-icon" src="collapseall.gif">
          </img> <!-- collapse-all-icon -->
        </a> <!-- collapse-all-link -->
      </div> <!-- navigator-suite-header -->
      <div class="suite">
        <div class="rounded-window">
          <div class="suite-header light-rounded-window-top">
            <a href="#" class="navigator-link" panel-name="suite-Suite">
              <span class="suite-name border-failed">Suite</span>
            </a> <!-- navigator-link -->
          </div> <!-- suite-header light-rounded-window-top -->
          <div class="navigator-suite-content">
            <div class="suite-section-title">
              <span>Info</span>
            </div> <!-- suite-section-title -->
            <div class="suite-section-content">
              <ul>
                <li>
                  <a href="#" class="navigator-link " panel-name="test-xml-Suite">
                    <span>C:\Users\inazir\Desktop\Kpcuweb\testng_reg.xml</span>
                  </a> <!-- navigator-link  -->
                </li>
                <li>
                  <a href="#" class="navigator-link " panel-name="testlist-Suite">
                    <span class="test-stats">1 test</span>
                  </a> <!-- navigator-link  -->
                </li>
                <li>
                  <a href="#" class="navigator-link " panel-name="group-Suite">
                    <span>1 group</span>
                  </a> <!-- navigator-link  -->
                </li>
                <li>
                  <a href="#" class="navigator-link " panel-name="times-Suite">
                    <span>Times</span>
                  </a> <!-- navigator-link  -->
                </li>
                <li>
                  <a href="#" class="navigator-link " panel-name="reporter-Suite">
                    <span>Reporter output</span>
                  </a> <!-- navigator-link  -->
                </li>
                <li>
                  <a href="#" class="navigator-link " panel-name="ignored-methods-Suite">
                    <span>Ignored methods</span>
                  </a> <!-- navigator-link  -->
                </li>
                <li>
                  <a href="#" class="navigator-link " panel-name="chronological-Suite">
                    <span>Chronological view</span>
                  </a> <!-- navigator-link  -->
                </li>
              </ul>
            </div> <!-- suite-section-content -->
            <div class="result-section">
              <div class="suite-section-title">
                <span>Results</span>
              </div> <!-- suite-section-title -->
              <div class="suite-section-content">
                <ul>
                  <li>
                    <span class="method-stats">25 methods, 4 failed,   21 passed</span>
                  </li>
                  <li>
                    <span class="method-list-title failed">Failed methods</span>
                    <span class="show-or-hide-methods failed">
                      <a href="#" panel-name="suite-Suite" class="hide-methods failed suite-Suite"> (hide)</a> <!-- hide-methods failed suite-Suite -->
                      <a href="#" panel-name="suite-Suite" class="show-methods failed suite-Suite"> (show)</a> <!-- show-methods failed suite-Suite -->
                    </span>
                    <div class="method-list-content failed suite-Suite">
                      <span>
                        <img width="3%" src="failed.png"/>
                        <a href="#" class="method navigator-link" panel-name="suite-Suite" title="KpcuTestcases.MoveMoneyTests" hash-for-method="BetweenKeyPointAccounts">BetweenKeyPointAccounts</a> <!-- method navigator-link -->
                      </span>
                      <br/>
                      <span>
                        <img width="3%" src="failed.png"/>
                        <a href="#" class="method navigator-link" panel-name="suite-Suite" title="KpcuTestcases.MyAccountsTests" hash-for-method="ValidateAccountSummary">ValidateAccountSummary</a> <!-- method navigator-link -->
                      </span>
                      <br/>
                      <span>
                        <img width="3%" src="failed.png"/>
                        <a href="#" class="method navigator-link" panel-name="suite-Suite" title="KpcuTestcases.ServicesTests" hash-for-method="verifyServices_Dropdowns">verifyServices_Dropdowns</a> <!-- method navigator-link -->
                      </span>
                      <br/>
                      <span>
                        <img width="3%" src="failed.png"/>
                        <a href="#" class="method navigator-link" panel-name="suite-Suite" title="KpcuTestcases.MyAccountsTests" hash-for-method="verify_UserTab_SettingMenu">verify_UserTab_SettingMenu</a> <!-- method navigator-link -->
                      </span>
                      <br/>
                    </div> <!-- method-list-content failed suite-Suite -->
                  </li>
                  <li>
                    <span class="method-list-title passed">Passed methods</span>
                    <span class="show-or-hide-methods passed">
                      <a href="#" panel-name="suite-Suite" class="hide-methods passed suite-Suite"> (hide)</a> <!-- hide-methods passed suite-Suite -->
                      <a href="#" panel-name="suite-Suite" class="show-methods passed suite-Suite"> (show)</a> <!-- show-methods passed suite-Suite -->
                    </span>
                    <div class="method-list-content passed suite-Suite">
                      <span>
                        <img width="3%" src="passed.png"/>
                        <a href="#" class="method navigator-link" panel-name="suite-Suite" title="KpcuTestcases.MoveMoneyTests" hash-for-method="BetweenNonKeyPointAccounts">BetweenNonKeyPointAccounts</a> <!-- method navigator-link -->
                      </span>
                      <br/>
                      <span>
                        <img width="3%" src="passed.png"/>
                        <a href="#" class="method navigator-link" panel-name="suite-Suite" title="KpcuTestcases.MoveMoneyTests" hash-for-method="ManageTrasferAccounts">ManageTrasferAccounts</a> <!-- method navigator-link -->
                      </span>
                      <br/>
                      <span>
                        <img width="3%" src="passed.png"/>
                        <a href="#" class="method navigator-link" panel-name="suite-Suite" title="KpcuTestcases.MoveMoneyTests" hash-for-method="PayAnyone">PayAnyone</a> <!-- method navigator-link -->
                      </span>
                      <br/>
                      <span>
                        <img width="3%" src="passed.png"/>
                        <a href="#" class="method navigator-link" panel-name="suite-Suite" title="KpcuTestcases.MoveMoneyTests" hash-for-method="TrasferActivity">TrasferActivity</a> <!-- method navigator-link -->
                      </span>
                      <br/>
                      <span>
                        <img width="3%" src="passed.png"/>
                        <a href="#" class="method navigator-link" panel-name="suite-Suite" title="KpcuTestcases.MyAccountsTests" hash-for-method="Validate_Download_To_Quicken">Validate_Download_To_Quicken</a> <!-- method navigator-link -->
                      </span>
                      <br/>
                      <span>
                        <img width="3%" src="passed.png"/>
                        <a href="#" class="method navigator-link" panel-name="suite-Suite" title="KpcuTestcases.MyAccountsTests" hash-for-method="Verify_Sign_In_Page">Verify_Sign_In_Page</a> <!-- method navigator-link -->
                      </span>
                      <br/>
                      <span>
                        <img width="3%" src="passed.png"/>
                        <a href="#" class="method navigator-link" panel-name="suite-Suite" title="KpcuTestcases.MoveMoneyTests" hash-for-method="WireTransfers">WireTransfers</a> <!-- method navigator-link -->
                      </span>
                      <br/>
                      <span>
                        <img width="3%" src="passed.png"/>
                        <a href="#" class="method navigator-link" panel-name="suite-Suite" title="KpcuTestcases.ProductsTests" hash-for-method="check_ApplicationStatus">check_ApplicationStatus</a> <!-- method navigator-link -->
                      </span>
                      <br/>
                      <span>
                        <img width="3%" src="passed.png"/>
                        <a href="#" class="method navigator-link" panel-name="suite-Suite" title="KpcuTestcases.ProductsTests" hash-for-method="validate_HomeLoans">validate_HomeLoans</a> <!-- method navigator-link -->
                      </span>
                      <br/>
                      <span>
                        <img width="3%" src="passed.png"/>
                        <a href="#" class="method navigator-link" panel-name="suite-Suite" title="KpcuTestcases.ProductsTests" hash-for-method="validate_IRA_HSAS">validate_IRA_HSAS</a> <!-- method navigator-link -->
                      </span>
                      <br/>
                      <span>
                        <img width="3%" src="passed.png"/>
                        <a href="#" class="method navigator-link" panel-name="suite-Suite" title="KpcuTestcases.ProductsTests" hash-for-method="validate_OpenAccountLoan">validate_OpenAccountLoan</a> <!-- method navigator-link -->
                      </span>
                      <br/>
                      <span>
                        <img width="3%" src="passed.png"/>
                        <a href="#" class="method navigator-link" panel-name="suite-Suite" title="KpcuTestcases.ProductsTests" hash-for-method="validate_ViewOffers">validate_ViewOffers</a> <!-- method navigator-link -->
                      </span>
                      <br/>
                      <span>
                        <img width="3%" src="passed.png"/>
                        <a href="#" class="method navigator-link" panel-name="suite-Suite" title="KpcuTestcases.BillPayTests" hash-for-method="verifyBillPay_Dropdowns">verifyBillPay_Dropdowns</a> <!-- method navigator-link -->
                      </span>
                      <br/>
                      <span>
                        <img width="3%" src="passed.png"/>
                        <a href="#" class="method navigator-link" panel-name="suite-Suite" title="KpcuTestcases.MyAccountsTests" hash-for-method="verifyFicoScore">verifyFicoScore</a> <!-- method navigator-link -->
                      </span>
                      <br/>
                      <span>
                        <img width="3%" src="passed.png"/>
                        <a href="#" class="method navigator-link" panel-name="suite-Suite" title="KpcuTestcases.Dashboard_Tests" hash-for-method="verify_Dashboard_Page">verify_Dashboard_Page</a> <!-- method navigator-link -->
                      </span>
                      <br/>
                      <span>
                        <img width="3%" src="passed.png"/>
                        <a href="#" class="method navigator-link" panel-name="suite-Suite" title="KpcuTestcases.DepositTests" hash-for-method="verify_Deposits">verify_Deposits</a> <!-- method navigator-link -->
                      </span>
                      <br/>
                      <span>
                        <img width="3%" src="passed.png"/>
                        <a href="#" class="method navigator-link" panel-name="suite-Suite" title="KpcuTestcases.MyAccountsTests" hash-for-method="verify_DownloadQuickBooks">verify_DownloadQuickBooks</a> <!-- method navigator-link -->
                      </span>
                      <br/>
                      <span>
                        <img width="3%" src="passed.png"/>
                        <a href="#" class="method navigator-link" panel-name="suite-Suite" title="KpcuTestcases.MyAccountsTests" hash-for-method="verify_Download_To_Quicken_Dropdowns">verify_Download_To_Quicken_Dropdowns</a> <!-- method navigator-link -->
                      </span>
                      <br/>
                      <span>
                        <img width="3%" src="passed.png"/>
                        <a href="#" class="method navigator-link" panel-name="suite-Suite" title="KpcuTestcases.MyAccountsTests" hash-for-method="verify_Estatements_Page">verify_Estatements_Page</a> <!-- method navigator-link -->
                      </span>
                      <br/>
                      <span>
                        <img width="3%" src="passed.png"/>
                        <a href="#" class="method navigator-link" panel-name="suite-Suite" title="KpcuTestcases.MyAccountsTests" hash-for-method="verify_UserTab_MessagesMenu">verify_UserTab_MessagesMenu</a> <!-- method navigator-link -->
                      </span>
                      <br/>
                      <span>
                        <img width="3%" src="passed.png"/>
                        <a href="#" class="method navigator-link" panel-name="suite-Suite" title="KpcuTestcases.MyAccountsTests" hash-for-method="verify_UserTab_ProfileMenu">verify_UserTab_ProfileMenu</a> <!-- method navigator-link -->
                      </span>
                      <br/>
                    </div> <!-- method-list-content passed suite-Suite -->
                  </li>
                </ul>
              </div> <!-- suite-section-content -->
            </div> <!-- result-section -->
          </div> <!-- navigator-suite-content -->
        </div> <!-- rounded-window -->
      </div> <!-- suite -->
    </div> <!-- navigator-root -->
    <div class="wrapper">
      <div class="main-panel-root">
        <div panel-name="suite-Suite" class="panel Suite">
          <div class="suite-Suite-class-failed">
            <div class="main-panel-header rounded-window-top">
              <img src="failed.png"/>
              <span class="class-name">KpcuTestcases.MyAccountsTests</span>
            </div> <!-- main-panel-header rounded-window-top -->
            <div class="main-panel-content rounded-window-bottom">
              <div class="method">
                <div class="method-content">
                  <a name="ValidateAccountSummary">
                  </a> <!-- ValidateAccountSummary -->
                  <span class="method-name">ValidateAccountSummary</span>
                  <div class="stack-trace">java.lang.AssertionError: expected [true] but found [false]
	at KpcuPage_Objects.MyAccountsPage.validateStatements(MyAccountsPage.java:340)
	at KpcuPage_Objects.MyAccountsPage.gotoAccountPage(MyAccountsPage.java:308)
	at KpcuTestcases.MyAccountsTests.ValidateAccountSummary(MyAccountsTests.java:53)
... Removed 28 stack frames
</div> <!-- stack-trace -->
                </div> <!-- method-content -->
              </div> <!-- method -->
              <div class="method">
                <div class="method-content">
                  <a name="verify_UserTab_SettingMenu">
                  </a> <!-- verify_UserTab_SettingMenu -->
                  <span class="method-name">verify_UserTab_SettingMenu</span>
                  <div class="stack-trace">org.openqa.selenium.NoSuchElementException: no such element: Unable to locate element: {&quot;method&quot;:&quot;xpath&quot;,&quot;selector&quot;:&quot;//h1[normalize-space(text())=&apos;Text Banking&apos;]&quot;}
  (Session info: MicrosoftEdge=101.0.1210.53)
For documentation on this error, please visit: https://www.seleniumhq.org/exceptions/no_such_element.html
Build info: version: &apos;3.141.59&apos;, revision: &apos;e82be7d358&apos;, time: &apos;2018-11-14T08:17:03&apos;
System info: host: &apos;HQ-IT-L61&apos;, ip: &apos;192.168.1.80&apos;, os.name: &apos;Windows 10&apos;, os.arch: &apos;amd64&apos;, os.version: &apos;10.0&apos;, java.version: &apos;1.8.0_332&apos;
Driver info: org.openqa.selenium.edge.EdgeDriver
Capabilities {acceptInsecureCerts: false, browserName: msedge, browserVersion: 101.0.1210.53, javascriptEnabled: true, ms:edgeOptions: {debuggerAddress: localhost:65468}, msedge: {msedgedriverVersion: 100.0.1185.29 (1feddedadb21..., userDataDir: C:\Users\inazir\AppData\Loc...}, networkConnectionEnabled: false, pageLoadStrategy: normal, platform: WINDOWS, platformName: WINDOWS, proxy: Proxy(), setWindowRect: true, strictFileInteractability: false, timeouts: {implicit: 0, pageLoad: 300000, script: 30000}, unhandledPromptBehavior: dismiss and notify, webauthn:extension:credBlob: true, webauthn:extension:largeBlob: true, webauthn:virtualAuthenticators: true}
Session ID: 96ac983d5a9ed056fc2fa7fc94283720
*** Element info: {Using=xpath, value=//h1[normalize-space(text())=&apos;Text Banking&apos;]}
	at org.openqa.selenium.remote.http.W3CHttpResponseCodec.createException(W3CHttpResponseCodec.java:187)
	at org.openqa.selenium.remote.http.W3CHttpResponseCodec.decode(W3CHttpResponseCodec.java:122)
	at org.openqa.selenium.remote.http.W3CHttpResponseCodec.decode(W3CHttpResponseCodec.java:49)
	at org.openqa.selenium.remote.HttpCommandExecutor.execute(HttpCommandExecutor.java:158)
	at org.openqa.selenium.remote.service.DriverCommandExecutor.execute(DriverCommandExecutor.java:83)
	at org.openqa.selenium.remote.RemoteWebDriver.execute(RemoteWebDriver.java:552)
	at org.openqa.selenium.remote.RemoteWebDriver.findElement(RemoteWebDriver.java:323)
	at org.openqa.selenium.remote.RemoteWebDriver.findElementByXPath(RemoteWebDriver.java:428)
	at org.openqa.selenium.By$ByXPath.findElement(By.java:353)
	at org.openqa.selenium.remote.RemoteWebDriver.findElement(RemoteWebDriver.java:315)
	at Utilities.SeleniumUtils.highlightElement(SeleniumUtils.java:111)
	at Utilities.SeleniumUtils.displayed(SeleniumUtils.java:90)
	at KpcuPage_Objects.MyAccountsPage.verifySettingMenu(MyAccountsPage.java:169)
	at KpcuTestcases.MyAccountsTests.verify_UserTab_SettingMenu(MyAccountsTests.java:31)
... Removed 28 stack frames
</div> <!-- stack-trace -->
                </div> <!-- method-content -->
              </div> <!-- method -->
            </div> <!-- main-panel-content rounded-window-bottom -->
          </div> <!-- suite-Suite-class-failed -->
          <div class="suite-Suite-class-failed">
            <div class="main-panel-header rounded-window-top">
              <img src="failed.png"/>
              <span class="class-name">KpcuTestcases.MoveMoneyTests</span>
            </div> <!-- main-panel-header rounded-window-top -->
            <div class="main-panel-content rounded-window-bottom">
              <div class="method">
                <div class="method-content">
                  <a name="BetweenKeyPointAccounts">
                  </a> <!-- BetweenKeyPointAccounts -->
                  <span class="method-name">BetweenKeyPointAccounts</span>
                  <div class="stack-trace">org.openqa.selenium.NoSuchElementException: no such element: Unable to locate element: {&quot;method&quot;:&quot;xpath&quot;,&quot;selector&quot;:&quot;//div[@class=&apos;alert icon alert-success&apos;]&quot;}
  (Session info: MicrosoftEdge=101.0.1210.53)
For documentation on this error, please visit: https://www.seleniumhq.org/exceptions/no_such_element.html
Build info: version: &apos;3.141.59&apos;, revision: &apos;e82be7d358&apos;, time: &apos;2018-11-14T08:17:03&apos;
System info: host: &apos;HQ-IT-L61&apos;, ip: &apos;192.168.1.80&apos;, os.name: &apos;Windows 10&apos;, os.arch: &apos;amd64&apos;, os.version: &apos;10.0&apos;, java.version: &apos;1.8.0_332&apos;
Driver info: org.openqa.selenium.edge.EdgeDriver
Capabilities {acceptInsecureCerts: false, browserName: msedge, browserVersion: 101.0.1210.53, javascriptEnabled: true, ms:edgeOptions: {debuggerAddress: localhost:50740}, msedge: {msedgedriverVersion: 100.0.1185.29 (1feddedadb21..., userDataDir: C:\Users\inazir\AppData\Loc...}, networkConnectionEnabled: false, pageLoadStrategy: normal, platform: WINDOWS, platformName: WINDOWS, proxy: Proxy(), setWindowRect: true, strictFileInteractability: false, timeouts: {implicit: 0, pageLoad: 300000, script: 30000}, unhandledPromptBehavior: dismiss and notify, webauthn:extension:credBlob: true, webauthn:extension:largeBlob: true, webauthn:virtualAuthenticators: true}
Session ID: 25e5d08532fc473ceeeab0f152ef4cf3
*** Element info: {Using=xpath, value=//div[@class=&apos;alert icon alert-success&apos;]}
	at org.openqa.selenium.remote.http.W3CHttpResponseCodec.createException(W3CHttpResponseCodec.java:187)
	at org.openqa.selenium.remote.http.W3CHttpResponseCodec.decode(W3CHttpResponseCodec.java:122)
	at org.openqa.selenium.remote.http.W3CHttpResponseCodec.decode(W3CHttpResponseCodec.java:49)
	at org.openqa.selenium.remote.HttpCommandExecutor.execute(HttpCommandExecutor.java:158)
	at org.openqa.selenium.remote.service.DriverCommandExecutor.execute(DriverCommandExecutor.java:83)
	at org.openqa.selenium.remote.RemoteWebDriver.execute(RemoteWebDriver.java:552)
	at org.openqa.selenium.remote.RemoteWebDriver.findElement(RemoteWebDriver.java:323)
	at org.openqa.selenium.remote.RemoteWebDriver.findElementByXPath(RemoteWebDriver.java:428)
	at org.openqa.selenium.By$ByXPath.findElement(By.java:353)
	at org.openqa.selenium.remote.RemoteWebDriver.findElement(RemoteWebDriver.java:315)
	at Utilities.SeleniumUtils.highlightElement(SeleniumUtils.java:111)
	at Utilities.SeleniumUtils.displayed(SeleniumUtils.java:90)
	at KpcuPage_Objects.MoveMoneyPage.verifySuccess(MoveMoneyPage.java:102)
	at KpcuTestcases.MoveMoneyTests.BetweenKeyPointAccounts(MoveMoneyTests.java:20)
... Removed 27 stack frames
</div> <!-- stack-trace -->
                </div> <!-- method-content -->
              </div> <!-- method -->
            </div> <!-- main-panel-content rounded-window-bottom -->
          </div> <!-- suite-Suite-class-failed -->
          <div class="suite-Suite-class-failed">
            <div class="main-panel-header rounded-window-top">
              <img src="failed.png"/>
              <span class="class-name">KpcuTestcases.ServicesTests</span>
            </div> <!-- main-panel-header rounded-window-top -->
            <div class="main-panel-content rounded-window-bottom">
              <div class="method">
                <div class="method-content">
                  <a name="verifyServices_Dropdowns">
                  </a> <!-- verifyServices_Dropdowns -->
                  <span class="method-name">verifyServices_Dropdowns</span>
                  <div class="stack-trace">org.openqa.selenium.WebDriverException: unknown error: cannot determine loading status
from target frame detached
  (Session info: MicrosoftEdge=101.0.1210.53)
Build info: version: &apos;3.141.59&apos;, revision: &apos;e82be7d358&apos;, time: &apos;2018-11-14T08:17:03&apos;
System info: host: &apos;HQ-IT-L61&apos;, ip: &apos;192.168.1.80&apos;, os.name: &apos;Windows 10&apos;, os.arch: &apos;amd64&apos;, os.version: &apos;10.0&apos;, java.version: &apos;1.8.0_332&apos;
Driver info: org.openqa.selenium.edge.EdgeDriver
Capabilities {acceptInsecureCerts: false, browserName: msedge, browserVersion: 101.0.1210.53, javascriptEnabled: true, ms:edgeOptions: {debuggerAddress: localhost:50452}, msedge: {msedgedriverVersion: 100.0.1185.29 (1feddedadb21..., userDataDir: C:\Users\inazir\AppData\Loc...}, networkConnectionEnabled: false, pageLoadStrategy: normal, platform: WINDOWS, platformName: WINDOWS, proxy: Proxy(), setWindowRect: true, strictFileInteractability: false, timeouts: {implicit: 0, pageLoad: 300000, script: 30000}, unhandledPromptBehavior: dismiss and notify, webauthn:extension:credBlob: true, webauthn:extension:largeBlob: true, webauthn:virtualAuthenticators: true}
Session ID: 5b33ce723fc112773c160867cac579cc
	at org.openqa.selenium.remote.http.W3CHttpResponseCodec.createException(W3CHttpResponseCodec.java:187)
	at org.openqa.selenium.remote.http.W3CHttpResponseCodec.decode(W3CHttpResponseCodec.java:122)
	at org.openqa.selenium.remote.http.W3CHttpResponseCodec.decode(W3CHttpResponseCodec.java:49)
	at org.openqa.selenium.remote.HttpCommandExecutor.execute(HttpCommandExecutor.java:158)
	at org.openqa.selenium.remote.service.DriverCommandExecutor.execute(DriverCommandExecutor.java:83)
	at org.openqa.selenium.remote.RemoteWebDriver.execute(RemoteWebDriver.java:552)
	at org.openqa.selenium.remote.RemoteWebDriver.execute(RemoteWebDriver.java:609)
	at org.openqa.selenium.remote.RemoteWebDriver.getTitle(RemoteWebDriver.java:281)
	at Utilities.SeleniumUtils.switchWindowUsingWindowCount(SeleniumUtils.java:139)
	at KpcuPage_Objects.ServicesPage.veriy_DebitCardActivation(ServicesPage.java:56)
	at KpcuTestcases.ServicesTests.verifyServices_Dropdowns(ServicesTests.java:20)
... Removed 28 stack frames
</div> <!-- stack-trace -->
                </div> <!-- method-content -->
              </div> <!-- method -->
            </div> <!-- main-panel-content rounded-window-bottom -->
          </div> <!-- suite-Suite-class-failed -->
          <div class="suite-Suite-class-passed">
            <div class="main-panel-header rounded-window-top">
              <img src="passed.png"/>
              <span class="class-name">KpcuTestcases.Dashboard_Tests</span>
            </div> <!-- main-panel-header rounded-window-top -->
            <div class="main-panel-content rounded-window-bottom">
              <div class="method">
                <div class="method-content">
                  <a name="verify_Dashboard_Page">
                  </a> <!-- verify_Dashboard_Page -->
                  <span class="method-name">verify_Dashboard_Page</span>
                </div> <!-- method-content -->
              </div> <!-- method -->
            </div> <!-- main-panel-content rounded-window-bottom -->
          </div> <!-- suite-Suite-class-passed -->
          <div class="suite-Suite-class-passed">
            <div class="main-panel-header rounded-window-top">
              <img src="passed.png"/>
              <span class="class-name">KpcuTestcases.MyAccountsTests</span>
            </div> <!-- main-panel-header rounded-window-top -->
            <div class="main-panel-content rounded-window-bottom">
              <div class="method">
                <div class="method-content">
                  <a name="Validate_Download_To_Quicken">
                  </a> <!-- Validate_Download_To_Quicken -->
                  <span class="method-name">Validate_Download_To_Quicken</span>
                </div> <!-- method-content -->
              </div> <!-- method -->
              <div class="method">
                <div class="method-content">
                  <a name="Verify_Sign_In_Page">
                  </a> <!-- Verify_Sign_In_Page -->
                  <span class="method-name">Verify_Sign_In_Page</span>
                </div> <!-- method-content -->
              </div> <!-- method -->
              <div class="method">
                <div class="method-content">
                  <a name="verifyFicoScore">
                  </a> <!-- verifyFicoScore -->
                  <span class="method-name">verifyFicoScore</span>
                </div> <!-- method-content -->
              </div> <!-- method -->
              <div class="method">
                <div class="method-content">
                  <a name="verify_DownloadQuickBooks">
                  </a> <!-- verify_DownloadQuickBooks -->
                  <span class="method-name">verify_DownloadQuickBooks</span>
                </div> <!-- method-content -->
              </div> <!-- method -->
              <div class="method">
                <div class="method-content">
                  <a name="verify_Download_To_Quicken_Dropdowns">
                  </a> <!-- verify_Download_To_Quicken_Dropdowns -->
                  <span class="method-name">verify_Download_To_Quicken_Dropdowns</span>
                </div> <!-- method-content -->
              </div> <!-- method -->
              <div class="method">
                <div class="method-content">
                  <a name="verify_Estatements_Page">
                  </a> <!-- verify_Estatements_Page -->
                  <span class="method-name">verify_Estatements_Page</span>
                </div> <!-- method-content -->
              </div> <!-- method -->
              <div class="method">
                <div class="method-content">
                  <a name="verify_UserTab_MessagesMenu">
                  </a> <!-- verify_UserTab_MessagesMenu -->
                  <span class="method-name">verify_UserTab_MessagesMenu</span>
                </div> <!-- method-content -->
              </div> <!-- method -->
              <div class="method">
                <div class="method-content">
                  <a name="verify_UserTab_ProfileMenu">
                  </a> <!-- verify_UserTab_ProfileMenu -->
                  <span class="method-name">verify_UserTab_ProfileMenu</span>
                </div> <!-- method-content -->
              </div> <!-- method -->
            </div> <!-- main-panel-content rounded-window-bottom -->
          </div> <!-- suite-Suite-class-passed -->
          <div class="suite-Suite-class-passed">
            <div class="main-panel-header rounded-window-top">
              <img src="passed.png"/>
              <span class="class-name">KpcuTestcases.MoveMoneyTests</span>
            </div> <!-- main-panel-header rounded-window-top -->
            <div class="main-panel-content rounded-window-bottom">
              <div class="method">
                <div class="method-content">
                  <a name="BetweenNonKeyPointAccounts">
                  </a> <!-- BetweenNonKeyPointAccounts -->
                  <span class="method-name">BetweenNonKeyPointAccounts</span>
                </div> <!-- method-content -->
              </div> <!-- method -->
              <div class="method">
                <div class="method-content">
                  <a name="ManageTrasferAccounts">
                  </a> <!-- ManageTrasferAccounts -->
                  <span class="method-name">ManageTrasferAccounts</span>
                </div> <!-- method-content -->
              </div> <!-- method -->
              <div class="method">
                <div class="method-content">
                  <a name="PayAnyone">
                  </a> <!-- PayAnyone -->
                  <span class="method-name">PayAnyone</span>
                </div> <!-- method-content -->
              </div> <!-- method -->
              <div class="method">
                <div class="method-content">
                  <a name="TrasferActivity">
                  </a> <!-- TrasferActivity -->
                  <span class="method-name">TrasferActivity</span>
                </div> <!-- method-content -->
              </div> <!-- method -->
              <div class="method">
                <div class="method-content">
                  <a name="WireTransfers">
                  </a> <!-- WireTransfers -->
                  <span class="method-name">WireTransfers</span>
                </div> <!-- method-content -->
              </div> <!-- method -->
            </div> <!-- main-panel-content rounded-window-bottom -->
          </div> <!-- suite-Suite-class-passed -->
          <div class="suite-Suite-class-passed">
            <div class="main-panel-header rounded-window-top">
              <img src="passed.png"/>
              <span class="class-name">KpcuTestcases.BillPayTests</span>
            </div> <!-- main-panel-header rounded-window-top -->
            <div class="main-panel-content rounded-window-bottom">
              <div class="method">
                <div class="method-content">
                  <a name="verifyBillPay_Dropdowns">
                  </a> <!-- verifyBillPay_Dropdowns -->
                  <span class="method-name">verifyBillPay_Dropdowns</span>
                </div> <!-- method-content -->
              </div> <!-- method -->
            </div> <!-- main-panel-content rounded-window-bottom -->
          </div> <!-- suite-Suite-class-passed -->
          <div class="suite-Suite-class-passed">
            <div class="main-panel-header rounded-window-top">
              <img src="passed.png"/>
              <span class="class-name">KpcuTestcases.ProductsTests</span>
            </div> <!-- main-panel-header rounded-window-top -->
            <div class="main-panel-content rounded-window-bottom">
              <div class="method">
                <div class="method-content">
                  <a name="check_ApplicationStatus">
                  </a> <!-- check_ApplicationStatus -->
                  <span class="method-name">check_ApplicationStatus</span>
                </div> <!-- method-content -->
              </div> <!-- method -->
              <div class="method">
                <div class="method-content">
                  <a name="validate_HomeLoans">
                  </a> <!-- validate_HomeLoans -->
                  <span class="method-name">validate_HomeLoans</span>
                </div> <!-- method-content -->
              </div> <!-- method -->
              <div class="method">
                <div class="method-content">
                  <a name="validate_IRA_HSAS">
                  </a> <!-- validate_IRA_HSAS -->
                  <span class="method-name">validate_IRA_HSAS</span>
                </div> <!-- method-content -->
              </div> <!-- method -->
              <div class="method">
                <div class="method-content">
                  <a name="validate_OpenAccountLoan">
                  </a> <!-- validate_OpenAccountLoan -->
                  <span class="method-name">validate_OpenAccountLoan</span>
                </div> <!-- method-content -->
              </div> <!-- method -->
              <div class="method">
                <div class="method-content">
                  <a name="validate_ViewOffers">
                  </a> <!-- validate_ViewOffers -->
                  <span class="method-name">validate_ViewOffers</span>
                </div> <!-- method-content -->
              </div> <!-- method -->
            </div> <!-- main-panel-content rounded-window-bottom -->
          </div> <!-- suite-Suite-class-passed -->
          <div class="suite-Suite-class-passed">
            <div class="main-panel-header rounded-window-top">
              <img src="passed.png"/>
              <span class="class-name">KpcuTestcases.DepositTests</span>
            </div> <!-- main-panel-header rounded-window-top -->
            <div class="main-panel-content rounded-window-bottom">
              <div class="method">
                <div class="method-content">
                  <a name="verify_Deposits">
                  </a> <!-- verify_Deposits -->
                  <span class="method-name">verify_Deposits</span>
                </div> <!-- method-content -->
              </div> <!-- method -->
            </div> <!-- main-panel-content rounded-window-bottom -->
          </div> <!-- suite-Suite-class-passed -->
        </div> <!-- panel Suite -->
        <div panel-name="test-xml-Suite" class="panel">
          <div class="main-panel-header rounded-window-top">
            <span class="header-content">C:\Users\inazir\Desktop\Kpcuweb\testng_reg.xml</span>
          </div> <!-- main-panel-header rounded-window-top -->
          <div class="main-panel-content rounded-window-bottom">
            <pre>
&lt;?xml version=&quot;1.0&quot; encoding=&quot;UTF-8&quot;?&gt;
&lt;!DOCTYPE suite SYSTEM &quot;http://testng.org/testng-1.0.dtd&quot;&gt;
&lt;suite guice-stage=&quot;DEVELOPMENT&quot; name=&quot;Suite&quot;&gt;
  &lt;test thread-count=&quot;5&quot; name=&quot;Test&quot;&gt;
    &lt;classes&gt;
      &lt;class name=&quot;KpcuTestcases.BillPayTests&quot;/&gt;
      &lt;class name=&quot;KpcuTestcases.MyAccountsTests&quot;/&gt;
      &lt;class name=&quot;KpcuTestcases.DepositTests&quot;/&gt;
      &lt;class name=&quot;KpcuTestcases.ProductsTests&quot;/&gt;
      &lt;class name=&quot;KpcuTestcases.ServicesTests&quot;/&gt;
      &lt;class name=&quot;KpcuTestcases.Dashboard_Tests&quot;/&gt;
      &lt;class name=&quot;KpcuTestcases.MoveMoneyTests&quot;/&gt;
    &lt;/classes&gt;
  &lt;/test&gt; &lt;!-- Test --&gt;
&lt;/suite&gt; &lt;!-- Suite --&gt;
            </pre>
          </div> <!-- main-panel-content rounded-window-bottom -->
        </div> <!-- panel -->
        <div panel-name="testlist-Suite" class="panel">
          <div class="main-panel-header rounded-window-top">
            <span class="header-content">Tests for Suite</span>
          </div> <!-- main-panel-header rounded-window-top -->
          <div class="main-panel-content rounded-window-bottom">
            <ul>
              <li>
                <span class="test-name">Test (7 classes)</span>
              </li>
            </ul>
          </div> <!-- main-panel-content rounded-window-bottom -->
        </div> <!-- panel -->
        <div panel-name="group-Suite" class="panel">
          <div class="main-panel-header rounded-window-top">
            <span class="header-content">Groups for Suite</span>
          </div> <!-- main-panel-header rounded-window-top -->
          <div class="main-panel-content rounded-window-bottom">
            <div class="test-group">
              <span class="test-group-name">regression</span>
              <br/>
              <div class="method-in-group">
                <span class="method-in-group-name">BetweenKeyPointAccounts</span>
                <br/>
              </div> <!-- method-in-group -->
              <div class="method-in-group">
                <span class="method-in-group-name">BetweenNonKeyPointAccounts</span>
                <br/>
              </div> <!-- method-in-group -->
              <div class="method-in-group">
                <span class="method-in-group-name">ManageTrasferAccounts</span>
                <br/>
              </div> <!-- method-in-group -->
              <div class="method-in-group">
                <span class="method-in-group-name">PayAnyone</span>
                <br/>
              </div> <!-- method-in-group -->
              <div class="method-in-group">
                <span class="method-in-group-name">TrasferActivity</span>
                <br/>
              </div> <!-- method-in-group -->
              <div class="method-in-group">
                <span class="method-in-group-name">Validate_Download_To_Quicken</span>
                <br/>
              </div> <!-- method-in-group -->
              <div class="method-in-group">
                <span class="method-in-group-name">Verify_Sign_In_Page</span>
                <br/>
              </div> <!-- method-in-group -->
              <div class="method-in-group">
                <span class="method-in-group-name">WireTransfers</span>
                <br/>
              </div> <!-- method-in-group -->
              <div class="method-in-group">
                <span class="method-in-group-name">check_ApplicationStatus</span>
                <br/>
              </div> <!-- method-in-group -->
              <div class="method-in-group">
                <span class="method-in-group-name">validate_HomeLoans</span>
                <br/>
              </div> <!-- method-in-group -->
              <div class="method-in-group">
                <span class="method-in-group-name">validate_IRA_HSAS</span>
                <br/>
              </div> <!-- method-in-group -->
              <div class="method-in-group">
                <span class="method-in-group-name">validate_OpenAccountLoan</span>
                <br/>
              </div> <!-- method-in-group -->
              <div class="method-in-group">
                <span class="method-in-group-name">validate_ViewOffers</span>
                <br/>
              </div> <!-- method-in-group -->
              <div class="method-in-group">
                <span class="method-in-group-name">verifyBillPay_Dropdowns</span>
                <br/>
              </div> <!-- method-in-group -->
              <div class="method-in-group">
                <span class="method-in-group-name">verifyFicoScore</span>
                <br/>
              </div> <!-- method-in-group -->
              <div class="method-in-group">
                <span class="method-in-group-name">verifyServices_Dropdowns</span>
                <br/>
              </div> <!-- method-in-group -->
              <div class="method-in-group">
                <span class="method-in-group-name">verify_Dashboard_Page</span>
                <br/>
              </div> <!-- method-in-group -->
              <div class="method-in-group">
                <span class="method-in-group-name">verify_Deposits</span>
                <br/>
              </div> <!-- method-in-group -->
              <div class="method-in-group">
                <span class="method-in-group-name">verify_Download_To_Quicken_Dropdowns</span>
                <br/>
              </div> <!-- method-in-group -->
              <div class="method-in-group">
                <span class="method-in-group-name">verify_UserTab_MessagesMenu</span>
                <br/>
              </div> <!-- method-in-group -->
              <div class="method-in-group">
                <span class="method-in-group-name">verify_UserTab_ProfileMenu</span>
                <br/>
              </div> <!-- method-in-group -->
              <div class="method-in-group">
                <span class="method-in-group-name">verify_UserTab_SettingMenu</span>
                <br/>
              </div> <!-- method-in-group -->
            </div> <!-- test-group -->
          </div> <!-- main-panel-content rounded-window-bottom -->
        </div> <!-- panel -->
        <div panel-name="times-Suite" class="panel">
          <div class="main-panel-header rounded-window-top">
            <span class="header-content">Times for Suite</span>
          </div> <!-- main-panel-header rounded-window-top -->
          <div class="main-panel-content rounded-window-bottom">
            <div class="times-div">
              <script type="text/javascript">
suiteTableInitFunctions.push('tableData_Suite');
function tableData_Suite() {
var data = new google.visualization.DataTable();
data.addColumn('number', 'Number');
data.addColumn('string', 'Method');
data.addColumn('string', 'Class');
data.addColumn('number', 'Time (ms)');
data.addRows(25);
data.setCell(0, 0, 0)
data.setCell(0, 1, 'verifyBillPay_Dropdowns')
data.setCell(0, 2, 'KpcuTestcases.BillPayTests')
data.setCell(0, 3, 46789);
data.setCell(1, 0, 1)
data.setCell(1, 1, 'verify_UserTab_SettingMenu')
data.setCell(1, 2, 'KpcuTestcases.MyAccountsTests')
data.setCell(1, 3, 44954);
data.setCell(2, 0, 2)
data.setCell(2, 1, 'Verify_Sign_In_Page')
data.setCell(2, 2, 'KpcuTestcases.MyAccountsTests')
data.setCell(2, 3, 44388);
data.setCell(3, 0, 3)
data.setCell(3, 1, 'ValidateAccountSummary')
data.setCell(3, 2, 'KpcuTestcases.MyAccountsTests')
data.setCell(3, 3, 42482);
data.setCell(4, 0, 4)
data.setCell(4, 1, 'validate_OpenAccountLoan')
data.setCell(4, 2, 'KpcuTestcases.ProductsTests')
data.setCell(4, 3, 41258);
data.setCell(5, 0, 5)
data.setCell(5, 1, 'verify_UserTab_ProfileMenu')
data.setCell(5, 2, 'KpcuTestcases.MyAccountsTests')
data.setCell(5, 3, 40648);
data.setCell(6, 0, 6)
data.setCell(6, 1, 'BetweenKeyPointAccounts')
data.setCell(6, 2, 'KpcuTestcases.MoveMoneyTests')
data.setCell(6, 3, 40423);
data.setCell(7, 0, 7)
data.setCell(7, 1, 'validate_HomeLoans')
data.setCell(7, 2, 'KpcuTestcases.ProductsTests')
data.setCell(7, 3, 37896);
data.setCell(8, 0, 8)
data.setCell(8, 1, 'verify_Dashboard_Page')
data.setCell(8, 2, 'KpcuTestcases.Dashboard_Tests')
data.setCell(8, 3, 36022);
data.setCell(9, 0, 9)
data.setCell(9, 1, 'verify_Estatements_Page')
data.setCell(9, 2, 'KpcuTestcases.MyAccountsTests')
data.setCell(9, 3, 34568);
data.setCell(10, 0, 10)
data.setCell(10, 1, 'check_ApplicationStatus')
data.setCell(10, 2, 'KpcuTestcases.ProductsTests')
data.setCell(10, 3, 29482);
data.setCell(11, 0, 11)
data.setCell(11, 1, 'validate_IRA_HSAS')
data.setCell(11, 2, 'KpcuTestcases.ProductsTests')
data.setCell(11, 3, 27579);
data.setCell(12, 0, 12)
data.setCell(12, 1, 'WireTransfers')
data.setCell(12, 2, 'KpcuTestcases.MoveMoneyTests')
data.setCell(12, 3, 25605);
data.setCell(13, 0, 13)
data.setCell(13, 1, 'TrasferActivity')
data.setCell(13, 2, 'KpcuTestcases.MoveMoneyTests')
data.setCell(13, 3, 24730);
data.setCell(14, 0, 14)
data.setCell(14, 1, 'BetweenNonKeyPointAccounts')
data.setCell(14, 2, 'KpcuTestcases.MoveMoneyTests')
data.setCell(14, 3, 24227);
data.setCell(15, 0, 15)
data.setCell(15, 1, 'PayAnyone')
data.setCell(15, 2, 'KpcuTestcases.MoveMoneyTests')
data.setCell(15, 3, 23615);
data.setCell(16, 0, 16)
data.setCell(16, 1, 'verifyServices_Dropdowns')
data.setCell(16, 2, 'KpcuTestcases.ServicesTests')
data.setCell(16, 3, 22762);
data.setCell(17, 0, 17)
data.setCell(17, 1, 'verify_UserTab_MessagesMenu')
data.setCell(17, 2, 'KpcuTestcases.MyAccountsTests')
data.setCell(17, 3, 20377);
data.setCell(18, 0, 18)
data.setCell(18, 1, 'verify_DownloadQuickBooks')
data.setCell(18, 2, 'KpcuTestcases.MyAccountsTests')
data.setCell(18, 3, 18846);
data.setCell(19, 0, 19)
data.setCell(19, 1, 'ManageTrasferAccounts')
data.setCell(19, 2, 'KpcuTestcases.MoveMoneyTests')
data.setCell(19, 3, 18546);
data.setCell(20, 0, 20)
data.setCell(20, 1, 'verifyFicoScore')
data.setCell(20, 2, 'KpcuTestcases.MyAccountsTests')
data.setCell(20, 3, 16742);
data.setCell(21, 0, 21)
data.setCell(21, 1, 'validate_ViewOffers')
data.setCell(21, 2, 'KpcuTestcases.ProductsTests')
data.setCell(21, 3, 15567);
data.setCell(22, 0, 22)
data.setCell(22, 1, 'verify_Download_To_Quicken_Dropdowns')
data.setCell(22, 2, 'KpcuTestcases.MyAccountsTests')
data.setCell(22, 3, 15488);
data.setCell(23, 0, 23)
data.setCell(23, 1, 'Validate_Download_To_Quicken')
data.setCell(23, 2, 'KpcuTestcases.MyAccountsTests')
data.setCell(23, 3, 15257);
data.setCell(24, 0, 24)
data.setCell(24, 1, 'verify_Deposits')
data.setCell(24, 2, 'KpcuTestcases.DepositTests')
data.setCell(24, 3, 13897);
window.suiteTableData['Suite']= { tableData: data, tableDiv: 'times-div-Suite'}
return data;
}
              </script>
              <span class="suite-total-time">Total running time: 12 minutes</span>
              <div id="times-div-Suite">
              </div> <!-- times-div-Suite -->
            </div> <!-- times-div -->
          </div> <!-- main-panel-content rounded-window-bottom -->
        </div> <!-- panel -->
        <div panel-name="reporter-Suite" class="panel">
          <div class="main-panel-header rounded-window-top">
            <span class="header-content">Reporter output for Suite</span>
          </div> <!-- main-panel-header rounded-window-top -->
          <div class="main-panel-content rounded-window-bottom">
          </div> <!-- main-panel-content rounded-window-bottom -->
        </div> <!-- panel -->
        <div panel-name="ignored-methods-Suite" class="panel">
          <div class="main-panel-header rounded-window-top">
            <span class="header-content">18 ignored methods</span>
          </div> <!-- main-panel-header rounded-window-top -->
          <div class="main-panel-content rounded-window-bottom">
            <div class="ignored-class-div">
              <span class="ignored-class-name">KpcuTestcases.Dashboard_Tests</span>
              <div class="ignored-methods-div">
                <span class="ignored-method-name">open</span>
                <br/>
                <span class="ignored-method-name">BeforeSuit</span>
                <br/>
                <span class="ignored-method-name">AfterSuite</span>
                <br/>
              </div> <!-- ignored-methods-div -->
            </div> <!-- ignored-class-div -->
            <div class="ignored-class-div">
              <span class="ignored-class-name">KpcuTestcases.MyAccountsTests</span>
              <div class="ignored-methods-div">
                <span class="ignored-method-name">open</span>
                <br/>
                <span class="ignored-method-name">BeforeSuit</span>
                <br/>
                <span class="ignored-method-name">AfterSuite</span>
                <br/>
              </div> <!-- ignored-methods-div -->
            </div> <!-- ignored-class-div -->
            <div class="ignored-class-div">
              <span class="ignored-class-name">KpcuTestcases.MoveMoneyTests</span>
              <div class="ignored-methods-div">
                <span class="ignored-method-name">open</span>
                <br/>
                <span class="ignored-method-name">BeforeSuit</span>
                <br/>
                <span class="ignored-method-name">AfterSuite</span>
                <br/>
              </div> <!-- ignored-methods-div -->
            </div> <!-- ignored-class-div -->
            <div class="ignored-class-div">
              <span class="ignored-class-name">KpcuTestcases.ServicesTests</span>
              <div class="ignored-methods-div">
                <span class="ignored-method-name">open</span>
                <br/>
                <span class="ignored-method-name">BeforeSuit</span>
                <br/>
                <span class="ignored-method-name">AfterSuite</span>
                <br/>
              </div> <!-- ignored-methods-div -->
            </div> <!-- ignored-class-div -->
            <div class="ignored-class-div">
              <span class="ignored-class-name">KpcuTestcases.ProductsTests</span>
              <div class="ignored-methods-div">
                <span class="ignored-method-name">open</span>
                <br/>
                <span class="ignored-method-name">BeforeSuit</span>
                <br/>
                <span class="ignored-method-name">AfterSuite</span>
                <br/>
              </div> <!-- ignored-methods-div -->
            </div> <!-- ignored-class-div -->
            <div class="ignored-class-div">
              <span class="ignored-class-name">KpcuTestcases.DepositTests</span>
              <div class="ignored-methods-div">
                <span class="ignored-method-name">open</span>
                <br/>
                <span class="ignored-method-name">BeforeSuit</span>
                <br/>
                <span class="ignored-method-name">AfterSuite</span>
                <br/>
              </div> <!-- ignored-methods-div -->
            </div> <!-- ignored-class-div -->
          </div> <!-- main-panel-content rounded-window-bottom -->
        </div> <!-- panel -->
        <div panel-name="chronological-Suite" class="panel">
          <div class="main-panel-header rounded-window-top">
            <span class="header-content">Methods in chronological order</span>
          </div> <!-- main-panel-header rounded-window-top -->
          <div class="main-panel-content rounded-window-bottom">
            <div class="chronological-class">
              <div class="chronological-class-name">KpcuTestcases.BillPayTests</div> <!-- chronological-class-name -->
              <div class="configuration-suite before">
                <span class="method-name">BeforeSuit</span>
                <span class="method-start">0 ms</span>
              </div> <!-- configuration-suite before -->
              <div class="configuration-method before">
                <span class="method-name">beforeMethod(public void KpcuTestcases.BillPayTests.verifyBillPay_Dropdowns() throws java.lang.Exception)</span>
                <span class="method-start">260 ms</span>
              </div> <!-- configuration-method before -->
              <div class="test-method">
                <span class="method-name">verifyBillPay_Dropdowns</span>
                <span class="method-start">7557 ms</span>
              </div> <!-- test-method -->
              <div class="configuration-method after">
                <span class="method-name">afterMethod([TestResult name=verifyBillPay_Dropdowns status=SUCCESS method=BillPayTests.verifyBillPay_Dropdowns(...)</span>
                <span class="method-start">54347 ms</span>
              </div> <!-- configuration-method after -->
              <div class="configuration-method after">
                <span class="method-name">tearDown</span>
                <span class="method-start">54690 ms</span>
              </div> <!-- configuration-method after -->
            </div> <!-- chronological-class -->
            <div class="chronological-class">
              <div class="chronological-class-name">KpcuTestcases.MyAccountsTests</div> <!-- chronological-class-name -->
              <div class="configuration-method before">
                <span class="method-name">beforeMethod(public void KpcuTestcases.MyAccountsTests.ValidateAccountSummary() throws java.lang.Exception)</span>
                <span class="method-start">55402 ms</span>
              </div> <!-- configuration-method before -->
              <div class="test-method">
                <img src="failed.png">
                </img>
                <span class="method-name">ValidateAccountSummary</span>
                <span class="method-start">60839 ms</span>
              </div> <!-- test-method -->
              <div class="configuration-method after">
                <span class="method-name">afterMethod([TestResult name=ValidateAccountSummary status=FAILURE method=MyAccountsTests.ValidateAccountSummary...)</span>
                <span class="method-start">103324 ms</span>
              </div> <!-- configuration-method after -->
              <div class="configuration-method after">
                <span class="method-name">tearDown</span>
                <span class="method-start">103531 ms</span>
              </div> <!-- configuration-method after -->
              <div class="configuration-method before">
                <span class="method-name">beforeMethod(public void KpcuTestcases.MyAccountsTests.Validate_Download_To_Quicken() throws java.lang.Exception)</span>
                <span class="method-start">104273 ms</span>
              </div> <!-- configuration-method before -->
              <div class="test-method">
                <span class="method-name">Validate_Download_To_Quicken</span>
                <span class="method-start">109390 ms</span>
              </div> <!-- test-method -->
              <div class="configuration-method after">
                <span class="method-name">afterMethod([TestResult name=Validate_Download_To_Quicken status=SUCCESS method=MyAccountsTests.Validate_Downloa...)</span>
                <span class="method-start">124647 ms</span>
              </div> <!-- configuration-method after -->
              <div class="configuration-method after">
                <span class="method-name">tearDown</span>
                <span class="method-start">124666 ms</span>
              </div> <!-- configuration-method after -->
              <div class="configuration-method before">
                <span class="method-name">beforeMethod(public void KpcuTestcases.MyAccountsTests.Verify_Sign_In_Page() throws java.lang.Exception)</span>
                <span class="method-start">125358 ms</span>
              </div> <!-- configuration-method before -->
              <div class="test-method">
                <span class="method-name">Verify_Sign_In_Page</span>
                <span class="method-start">130644 ms</span>
              </div> <!-- test-method -->
              <div class="configuration-method after">
                <span class="method-name">afterMethod([TestResult name=Verify_Sign_In_Page status=SUCCESS method=MyAccountsTests.Verify_Sign_In_Page()[pri...)</span>
                <span class="method-start">175033 ms</span>
              </div> <!-- configuration-method after -->
              <div class="configuration-method after">
                <span class="method-name">tearDown</span>
                <span class="method-start">175058 ms</span>
              </div> <!-- configuration-method after -->
              <div class="configuration-method before">
                <span class="method-name">beforeMethod(public void KpcuTestcases.MyAccountsTests.verifyFicoScore() throws java.lang.Exception)</span>
                <span class="method-start">175757 ms</span>
              </div> <!-- configuration-method before -->
              <div class="test-method">
                <span class="method-name">verifyFicoScore</span>
                <span class="method-start">180799 ms</span>
              </div> <!-- test-method -->
              <div class="configuration-method after">
                <span class="method-name">afterMethod([TestResult name=verifyFicoScore status=SUCCESS method=MyAccountsTests.verifyFicoScore()[pri:0, inst...)</span>
                <span class="method-start">197542 ms</span>
              </div> <!-- configuration-method after -->
              <div class="configuration-method after">
                <span class="method-name">tearDown</span>
                <span class="method-start">197568 ms</span>
              </div> <!-- configuration-method after -->
              <div class="configuration-method before">
                <span class="method-name">beforeMethod(public void KpcuTestcases.MyAccountsTests.verify_DownloadQuickBooks() throws java.lang.Exception)</span>
                <span class="method-start">198266 ms</span>
              </div> <!-- configuration-method before -->
              <div class="test-method">
                <span class="method-name">verify_DownloadQuickBooks</span>
                <span class="method-start">203694 ms</span>
              </div> <!-- test-method -->
              <div class="configuration-method after">
                <span class="method-name">afterMethod([TestResult name=verify_DownloadQuickBooks status=SUCCESS method=MyAccountsTests.verify_DownloadQuic...)</span>
                <span class="method-start">222541 ms</span>
              </div> <!-- configuration-method after -->
              <div class="configuration-method after">
                <span class="method-name">tearDown</span>
                <span class="method-start">222571 ms</span>
              </div> <!-- configuration-method after -->
              <div class="configuration-method before">
                <span class="method-name">beforeMethod(public void KpcuTestcases.MyAccountsTests.verify_Download_To_Quicken_Dropdowns() throws java.lang.Ex...)</span>
                <span class="method-start">223286 ms</span>
              </div> <!-- configuration-method before -->
              <div class="test-method">
                <span class="method-name">verify_Download_To_Quicken_Dropdowns</span>
                <span class="method-start">228506 ms</span>
              </div> <!-- test-method -->
              <div class="configuration-method after">
                <span class="method-name">afterMethod([TestResult name=verify_Download_To_Quicken_Dropdowns status=SUCCESS method=MyAccountsTests.verify_D...)</span>
                <span class="method-start">243994 ms</span>
              </div> <!-- configuration-method after -->
              <div class="configuration-method after">
                <span class="method-name">tearDown</span>
                <span class="method-start">244015 ms</span>
              </div> <!-- configuration-method after -->
              <div class="configuration-method before">
                <span class="method-name">beforeMethod(public void KpcuTestcases.MyAccountsTests.verify_Estatements_Page() throws java.lang.Exception)</span>
                <span class="method-start">244708 ms</span>
              </div> <!-- configuration-method before -->
              <div class="test-method">
                <span class="method-name">verify_Estatements_Page</span>
                <span class="method-start">249848 ms</span>
              </div> <!-- test-method -->
              <div class="configuration-method after">
                <span class="method-name">afterMethod([TestResult name=verify_Estatements_Page status=SUCCESS method=MyAccountsTests.verify_Estatements_Pa...)</span>
                <span class="method-start">284417 ms</span>
              </div> <!-- configuration-method after -->
              <div class="configuration-method after">
                <span class="method-name">tearDown</span>
                <span class="method-start">284440 ms</span>
              </div> <!-- configuration-method after -->
              <div class="configuration-method before">
                <span class="method-name">beforeMethod(public void KpcuTestcases.MyAccountsTests.verify_UserTab_MessagesMenu() throws java.lang.Exception)</span>
                <span class="method-start">285137 ms</span>
              </div> <!-- configuration-method before -->
              <div class="test-method">
                <span class="method-name">verify_UserTab_MessagesMenu</span>
                <span class="method-start">290721 ms</span>
              </div> <!-- test-method -->
              <div class="configuration-method after">
                <span class="method-name">afterMethod([TestResult name=verify_UserTab_MessagesMenu status=SUCCESS method=MyAccountsTests.verify_UserTab_Me...)</span>
                <span class="method-start">311099 ms</span>
              </div> <!-- configuration-method after -->
              <div class="configuration-method after">
                <span class="method-name">tearDown</span>
                <span class="method-start">311131 ms</span>
              </div> <!-- configuration-method after -->
              <div class="configuration-method before">
                <span class="method-name">beforeMethod(public void KpcuTestcases.MyAccountsTests.verify_UserTab_ProfileMenu() throws java.lang.Exception)</span>
                <span class="method-start">311833 ms</span>
              </div> <!-- configuration-method before -->
              <div class="test-method">
                <span class="method-name">verify_UserTab_ProfileMenu</span>
                <span class="method-start">316849 ms</span>
              </div> <!-- test-method -->
              <div class="configuration-method after">
                <span class="method-name">afterMethod([TestResult name=verify_UserTab_ProfileMenu status=SUCCESS method=MyAccountsTests.verify_UserTab_Pro...)</span>
                <span class="method-start">357499 ms</span>
              </div> <!-- configuration-method after -->
              <div class="configuration-method after">
                <span class="method-name">tearDown</span>
                <span class="method-start">357526 ms</span>
              </div> <!-- configuration-method after -->
              <div class="configuration-method before">
                <span class="method-name">beforeMethod(public void KpcuTestcases.MyAccountsTests.verify_UserTab_SettingMenu() throws java.lang.Exception)</span>
                <span class="method-start">358203 ms</span>
              </div> <!-- configuration-method before -->
              <div class="test-method">
                <img src="failed.png">
                </img>
                <span class="method-name">verify_UserTab_SettingMenu</span>
                <span class="method-start">363451 ms</span>
              </div> <!-- test-method -->
              <div class="configuration-method after">
                <span class="method-name">afterMethod([TestResult name=verify_UserTab_SettingMenu status=FAILURE method=MyAccountsTests.verify_UserTab_Set...)</span>
                <span class="method-start">408409 ms</span>
              </div> <!-- configuration-method after -->
              <div class="configuration-method after">
                <span class="method-name">tearDown</span>
                <span class="method-start">408659 ms</span>
              </div> <!-- configuration-method after -->
            </div> <!-- chronological-class -->
            <div class="chronological-class">
              <div class="chronological-class-name">KpcuTestcases.DepositTests</div> <!-- chronological-class-name -->
              <div class="configuration-method before">
                <span class="method-name">beforeMethod(public void KpcuTestcases.DepositTests.verify_Deposits() throws java.lang.Exception)</span>
                <span class="method-start">409364 ms</span>
              </div> <!-- configuration-method before -->
              <div class="test-method">
                <span class="method-name">verify_Deposits</span>
                <span class="method-start">415487 ms</span>
              </div> <!-- test-method -->
              <div class="configuration-method after">
                <span class="method-name">afterMethod([TestResult name=verify_Deposits status=SUCCESS method=DepositTests.verify_Deposits()[pri:0, instanc...)</span>
                <span class="method-start">429385 ms</span>
              </div> <!-- configuration-method after -->
              <div class="configuration-method after">
                <span class="method-name">tearDown</span>
                <span class="method-start">429404 ms</span>
              </div> <!-- configuration-method after -->
            </div> <!-- chronological-class -->
            <div class="chronological-class">
              <div class="chronological-class-name">KpcuTestcases.ProductsTests</div> <!-- chronological-class-name -->
              <div class="configuration-method before">
                <span class="method-name">beforeMethod(public void KpcuTestcases.ProductsTests.check_ApplicationStatus() throws java.lang.Exception)</span>
                <span class="method-start">430128 ms</span>
              </div> <!-- configuration-method before -->
              <div class="test-method">
                <span class="method-name">check_ApplicationStatus</span>
                <span class="method-start">435249 ms</span>
              </div> <!-- test-method -->
              <div class="configuration-method after">
                <span class="method-name">afterMethod([TestResult name=check_ApplicationStatus status=SUCCESS method=ProductsTests.check_ApplicationStatus...)</span>
                <span class="method-start">464731 ms</span>
              </div> <!-- configuration-method after -->
              <div class="configuration-method after">
                <span class="method-name">tearDown</span>
                <span class="method-start">464756 ms</span>
              </div> <!-- configuration-method after -->
              <div class="configuration-method before">
                <span class="method-name">beforeMethod(public void KpcuTestcases.ProductsTests.validate_HomeLoans() throws java.lang.Exception)</span>
                <span class="method-start">465480 ms</span>
              </div> <!-- configuration-method before -->
              <div class="test-method">
                <span class="method-name">validate_HomeLoans</span>
                <span class="method-start">470764 ms</span>
              </div> <!-- test-method -->
              <div class="configuration-method after">
                <span class="method-name">afterMethod([TestResult name=validate_HomeLoans status=SUCCESS method=ProductsTests.validate_HomeLoans()[pri:0, ...)</span>
                <span class="method-start">508661 ms</span>
              </div> <!-- configuration-method after -->
              <div class="configuration-method after">
                <span class="method-name">tearDown</span>
                <span class="method-start">508691 ms</span>
              </div> <!-- configuration-method after -->
              <div class="configuration-method before">
                <span class="method-name">beforeMethod(public void KpcuTestcases.ProductsTests.validate_IRA_HSAS() throws java.lang.Exception)</span>
                <span class="method-start">509433 ms</span>
              </div> <!-- configuration-method before -->
              <div class="test-method">
                <span class="method-name">validate_IRA_HSAS</span>
                <span class="method-start">514800 ms</span>
              </div> <!-- test-method -->
              <div class="configuration-method after">
                <span class="method-name">afterMethod([TestResult name=validate_IRA_HSAS status=SUCCESS method=ProductsTests.validate_IRA_HSAS()[pri:0, in...)</span>
                <span class="method-start">542379 ms</span>
              </div> <!-- configuration-method after -->
              <div class="configuration-method after">
                <span class="method-name">tearDown</span>
                <span class="method-start">542405 ms</span>
              </div> <!-- configuration-method after -->
              <div class="configuration-method before">
                <span class="method-name">beforeMethod(public void KpcuTestcases.ProductsTests.validate_OpenAccountLoan() throws java.lang.Exception)</span>
                <span class="method-start">543139 ms</span>
              </div> <!-- configuration-method before -->
              <div class="test-method">
                <span class="method-name">validate_OpenAccountLoan</span>
                <span class="method-start">548250 ms</span>
              </div> <!-- test-method -->
              <div class="configuration-method after">
                <span class="method-name">afterMethod([TestResult name=validate_OpenAccountLoan status=SUCCESS method=ProductsTests.validate_OpenAccountLo...)</span>
                <span class="method-start">589508 ms</span>
              </div> <!-- configuration-method after -->
              <div class="configuration-method after">
                <span class="method-name">tearDown</span>
                <span class="method-start">589546 ms</span>
              </div> <!-- configuration-method after -->
              <div class="configuration-method before">
                <span class="method-name">beforeMethod(public void KpcuTestcases.ProductsTests.validate_ViewOffers() throws java.lang.Exception)</span>
                <span class="method-start">590695 ms</span>
              </div> <!-- configuration-method before -->
              <div class="test-method">
                <span class="method-name">validate_ViewOffers</span>
                <span class="method-start">596029 ms</span>
              </div> <!-- test-method -->
              <div class="configuration-method after">
                <span class="method-name">afterMethod([TestResult name=validate_ViewOffers status=SUCCESS method=ProductsTests.validate_ViewOffers()[pri:0...)</span>
                <span class="method-start">611597 ms</span>
              </div> <!-- configuration-method after -->
              <div class="configuration-method after">
                <span class="method-name">tearDown</span>
                <span class="method-start">611613 ms</span>
              </div> <!-- configuration-method after -->
            </div> <!-- chronological-class -->
            <div class="chronological-class">
              <div class="chronological-class-name">KpcuTestcases.ServicesTests</div> <!-- chronological-class-name -->
              <div class="configuration-method before">
                <span class="method-name">beforeMethod(public void KpcuTestcases.ServicesTests.verifyServices_Dropdowns() throws java.lang.Exception)</span>
                <span class="method-start">612346 ms</span>
              </div> <!-- configuration-method before -->
              <div class="test-method">
                <img src="failed.png">
                </img>
                <span class="method-name">verifyServices_Dropdowns</span>
                <span class="method-start">617558 ms</span>
              </div> <!-- test-method -->
              <div class="configuration-method after">
                <span class="method-name">afterMethod([TestResult name=verifyServices_Dropdowns status=FAILURE method=ServicesTests.verifyServices_Dropdow...)</span>
                <span class="method-start">640321 ms</span>
              </div> <!-- configuration-method after -->
              <div class="configuration-method after">
                <span class="method-name">tearDown</span>
                <span class="method-start">641438 ms</span>
              </div> <!-- configuration-method after -->
            </div> <!-- chronological-class -->
            <div class="chronological-class">
              <div class="chronological-class-name">KpcuTestcases.Dashboard_Tests</div> <!-- chronological-class-name -->
              <div class="configuration-method before">
                <span class="method-name">beforeMethod(public void KpcuTestcases.Dashboard_Tests.verify_Dashboard_Page() throws java.lang.Exception)</span>
                <span class="method-start">642169 ms</span>
              </div> <!-- configuration-method before -->
              <div class="test-method">
                <span class="method-name">verify_Dashboard_Page</span>
                <span class="method-start">647462 ms</span>
              </div> <!-- test-method -->
              <div class="configuration-method after">
                <span class="method-name">afterMethod([TestResult name=verify_Dashboard_Page status=SUCCESS method=Dashboard_Tests.verify_Dashboard_Page()...)</span>
                <span class="method-start">683485 ms</span>
              </div> <!-- configuration-method after -->
              <div class="configuration-method after">
                <span class="method-name">tearDown</span>
                <span class="method-start">683508 ms</span>
              </div> <!-- configuration-method after -->
            </div> <!-- chronological-class -->
            <div class="chronological-class">
              <div class="chronological-class-name">KpcuTestcases.MoveMoneyTests</div> <!-- chronological-class-name -->
              <div class="configuration-method before">
                <span class="method-name">beforeMethod(public void KpcuTestcases.MoveMoneyTests.BetweenKeyPointAccounts() throws java.lang.Exception)</span>
                <span class="method-start">684242 ms</span>
              </div> <!-- configuration-method before -->
              <div class="test-method">
                <img src="failed.png">
                </img>
                <span class="method-name">BetweenKeyPointAccounts</span>
                <span class="method-start">689397 ms</span>
              </div> <!-- test-method -->
              <div class="configuration-method after">
                <span class="method-name">afterMethod([TestResult name=BetweenKeyPointAccounts status=FAILURE method=MoveMoneyTests.BetweenKeyPointAccount...)</span>
                <span class="method-start">729823 ms</span>
              </div> <!-- configuration-method after -->
              <div class="configuration-method after">
                <span class="method-name">tearDown</span>
                <span class="method-start">730156 ms</span>
              </div> <!-- configuration-method after -->
              <div class="configuration-method before">
                <span class="method-name">beforeMethod(public void KpcuTestcases.MoveMoneyTests.BetweenNonKeyPointAccounts() throws java.lang.Exception)</span>
                <span class="method-start">730869 ms</span>
              </div> <!-- configuration-method before -->
              <div class="test-method">
                <span class="method-name">BetweenNonKeyPointAccounts</span>
                <span class="method-start">736271 ms</span>
              </div> <!-- test-method -->
              <div class="configuration-method after">
                <span class="method-name">afterMethod([TestResult name=BetweenNonKeyPointAccounts status=SUCCESS method=MoveMoneyTests.BetweenNonKeyPointA...)</span>
                <span class="method-start">760498 ms</span>
              </div> <!-- configuration-method after -->
              <div class="configuration-method after">
                <span class="method-name">tearDown</span>
                <span class="method-start">760515 ms</span>
              </div> <!-- configuration-method after -->
              <div class="configuration-method before">
                <span class="method-name">beforeMethod(public void KpcuTestcases.MoveMoneyTests.ManageTrasferAccounts() throws java.lang.Exception)</span>
                <span class="method-start">761245 ms</span>
              </div> <!-- configuration-method before -->
              <div class="test-method">
                <span class="method-name">ManageTrasferAccounts</span>
                <span class="method-start">766492 ms</span>
              </div> <!-- test-method -->
              <div class="configuration-method after">
                <span class="method-name">afterMethod([TestResult name=ManageTrasferAccounts status=SUCCESS method=MoveMoneyTests.ManageTrasferAccounts()[...)</span>
                <span class="method-start">785039 ms</span>
              </div> <!-- configuration-method after -->
              <div class="configuration-method after">
                <span class="method-name">tearDown</span>
                <span class="method-start">785055 ms</span>
              </div> <!-- configuration-method after -->
              <div class="configuration-method before">
                <span class="method-name">beforeMethod(public void KpcuTestcases.MoveMoneyTests.PayAnyone() throws java.lang.Exception)</span>
                <span class="method-start">785764 ms</span>
              </div> <!-- configuration-method before -->
              <div class="test-method">
                <span class="method-name">PayAnyone</span>
                <span class="method-start">790913 ms</span>
              </div> <!-- test-method -->
              <div class="configuration-method after">
                <span class="method-name">afterMethod([TestResult name=PayAnyone status=SUCCESS method=MoveMoneyTests.PayAnyone()[pri:0, instance:KpcuTest...)</span>
                <span class="method-start">814529 ms</span>
              </div> <!-- configuration-method after -->
              <div class="configuration-method after">
                <span class="method-name">tearDown</span>
                <span class="method-start">814566 ms</span>
              </div> <!-- configuration-method after -->
              <div class="configuration-method before">
                <span class="method-name">beforeMethod(public void KpcuTestcases.MoveMoneyTests.TrasferActivity() throws java.lang.Exception)</span>
                <span class="method-start">815294 ms</span>
              </div> <!-- configuration-method before -->
              <div class="test-method">
                <span class="method-name">TrasferActivity</span>
                <span class="method-start">820657 ms</span>
              </div> <!-- test-method -->
              <div class="configuration-method after">
                <span class="method-name">afterMethod([TestResult name=TrasferActivity status=SUCCESS method=MoveMoneyTests.TrasferActivity()[pri:0, insta...)</span>
                <span class="method-start">845388 ms</span>
              </div> <!-- configuration-method after -->
              <div class="configuration-method after">
                <span class="method-name">tearDown</span>
                <span class="method-start">845412 ms</span>
              </div> <!-- configuration-method after -->
              <div class="configuration-method before">
                <span class="method-name">beforeMethod(public void KpcuTestcases.MoveMoneyTests.WireTransfers() throws java.lang.Exception)</span>
                <span class="method-start">846107 ms</span>
              </div> <!-- configuration-method before -->
              <div class="test-method">
                <span class="method-name">WireTransfers</span>
                <span class="method-start">851071 ms</span>
              </div> <!-- test-method -->
              <div class="configuration-method after">
                <span class="method-name">afterMethod([TestResult name=WireTransfers status=SUCCESS method=MoveMoneyTests.WireTransfers()[pri:0, instance:...)</span>
                <span class="method-start">876676 ms</span>
              </div> <!-- configuration-method after -->
              <div class="configuration-method after">
                <span class="method-name">tearDown</span>
                <span class="method-start">876691 ms</span>
              </div> <!-- configuration-method after -->
            </div> <!-- chronological-class -->
            <div class="chronological-class">
              <div class="chronological-class-name">KpcuTestcases.BillPayTests</div> <!-- chronological-class-name -->
              <div class="configuration-suite after">
                <span class="method-name">AfterSuite</span>
                <span class="method-start">877459 ms</span>
              </div> <!-- configuration-suite after -->
              <div class="configuration-suite after">
                <span class="method-name">open</span>
                <span class="method-start">877467 ms</span>
              </div> <!-- configuration-suite after -->
          </div> <!-- main-panel-content rounded-window-bottom -->
        </div> <!-- panel -->
      </div> <!-- main-panel-root -->
    </div> <!-- wrapper -->
  </body>
</html>
